TN:
SF:/Users/wudan/Desktop/学习/慕课网/TS  从入门到重构axios /我的文件/ts-axios/src/axios.ts
FN:9,createInstance
FN:21,create
FNF:2
FNH:0
FNDA:0,createInstance
FNDA:0,create
DA:2,0
DA:3,0
DA:4,0
DA:5,0
DA:6,0
DA:7,0
DA:10,0
DA:12,0
DA:14,0
DA:15,0
DA:18,0
DA:21,0
DA:23,0
DA:27,0
DA:28,0
DA:29,0
DA:31,0
LF:17
LH:0
BRF:0
BRH:0
end_of_record
TN:
SF:/Users/wudan/Desktop/学习/慕课网/TS  从入门到重构axios /我的文件/ts-axios/src/defaults.ts
FN:13,(anonymous_0)
FN:19,(anonymous_1)
FN:29,(anonymous_2)
FN:35,(anonymous_3)
FNF:4
FNH:0
FNDA:0,(anonymous_0)
FNDA:0,(anonymous_1)
FNDA:0,(anonymous_2)
FNDA:0,(anonymous_3)
DA:2,0
DA:3,0
DA:4,0
DA:14,0
DA:15,0
DA:20,0
DA:27,0
DA:29,0
DA:30,0
DA:33,0
DA:35,0
DA:36,0
DA:43,0
LF:13
LH:0
BRF:0
BRH:0
end_of_record
TN:
SF:/Users/wudan/Desktop/学习/慕课网/TS  从入门到重构axios /我的文件/ts-axios/src/index.ts
FNF:0
FNH:0
DA:1,0
DA:5,0
LF:2
LH:0
BRF:0
BRH:0
end_of_record
